<?xml version="1.0" encoding="UTF-8"?>
<!-- Generated by org.testng.reporters.JUnitXMLReporter -->
<testsuite ignored="0" hostname="UDAY" failures="0" tests="3" name="DataDrivenTest" time="0.676" errors="0" timestamp="2023-03-30T20:21:18 IST">
  <testcase classname="testngframework.ParameterTestThroughXML" name="setName" time="0.093"/>
  <testcase classname="testngframework.ParameterTestThroughXML" name="setRollNo" time="0.015"/>
  <testcase classname="testngframework.ParameterTestThroughXML" name="setSchoolName" time="0.013"/>
</testsuite> <!-- DataDrivenTest -->
