<?xml version="1.0" encoding="UTF-8"?>
<!-- Generated by org.testng.reporters.JUnitXMLReporter -->
<testsuite ignored="0" hostname="UDAY" failures="0" tests="5" name="GRP-car,bike" time="0.423" errors="0" timestamp="2023-03-29T20:44:04 IST">
  <testcase classname="testngframework.GroupingInTestNGExample" name="audiCar" time="0.039"/>
  <testcase classname="testngframework.GroupingInTestNGExample" name="hyundaiBike" time="0.017"/>
  <testcase classname="testngframework.GroupingInTestNGExample" name="mercedizBike" time="0.01"/>
  <testcase classname="testngframework.GroupingInTestNGExample" name="suzukiCar" time="0.013"/>
  <testcase classname="testngframework.GroupingInTestNGExample" name="tataCar" time="0.072"/>
</testsuite> <!-- GRP-car,bike -->
