<?xml version="1.0" encoding="UTF-8"?>
<!-- Generated by org.testng.reporters.JUnitXMLReporter -->
<testsuite ignored="2" hostname="UDAY" failures="0" tests="3" name="GRP-car" time="0.261" errors="0" timestamp="2023-03-29T20:42:03 IST">
  <testcase classname="testngframework.GroupingInTestNGExample" name="audiCar" time="0.045"/>
  <testcase classname="testngframework.GroupingInTestNGExample" name="suzukiCar" time="0.008"/>
  <testcase classname="testngframework.GroupingInTestNGExample" name="tataCar" time="0.007"/>
  <testcase classname="testngframework.GroupingInTestNGExample" name="mercedizCar" time="0.0">
    <ignored/>
  </testcase> <!-- mercedizCar -->
  <testcase classname="testngframework.GroupingInTestNGExample" name="hyundaiCar" time="0.0">
    <ignored/>
  </testcase> <!-- hyundaiCar -->
</testsuite> <!-- GRP-car -->
