<?xml version="1.0" encoding="UTF-8"?>
<!-- Generated by org.testng.reporters.JUnitXMLReporter -->
<testsuite ignored="2" hostname="UDAY" failures="0" tests="3" name="GRP-bike" time="0.273" errors="0" timestamp="2023-03-29T20:50:58 IST">
  <testcase classname="testngframework.GroupingInTestNGExample" name="hyundaiBike" time="0.036"/>
  <testcase classname="testngframework.GroupingInTestNGExample" name="mercedizBike" time="0.012"/>
  <testcase classname="testngframework.GroupingInTestNGExample" name="tataCar" time="0.011"/>
  <testcase classname="testngframework.GroupingInTestNGExample" name="audiCar" time="0.0">
    <ignored/>
  </testcase> <!-- audiCar -->
  <testcase classname="testngframework.GroupingInTestNGExample" name="suzukiCar" time="0.0">
    <ignored/>
  </testcase> <!-- suzukiCar -->
</testsuite> <!-- GRP-bike -->
