<?xml version="1.0" encoding="UTF-8"?>
<!-- Generated by org.testng.reporters.JUnitXMLReporter -->
<testsuite ignored="2" hostname="UDAY" failures="0" tests="9" name="GroupTest" time="0.37" errors="0" timestamp="2023-03-29T21:15:44 IST">
  <testcase classname="testngframework.GroupingInTestNGExample" name="hondaBike" time="0.041"/>
  <testcase classname="testngframework.GroupingInTestNGExample" name="hondaBike" time="0.011"/>
  <testcase classname="testngframework.GroupingInTestNGExample" name="hondaBike" time="0.009"/>
  <testcase classname="testngframework.GroupingInTestNGExample" name="hondaBike" time="0.01"/>
  <testcase classname="testngframework.GroupingInTestNGExample" name="hondaBike" time="0.009"/>
  <testcase classname="testngframework.GroupingInTestNGExample" name="mercedizBike" time="0.004"/>
  <testcase classname="testngframework.GroupingInTestNGExample" name="tataCar" time="0.004"/>
  <testcase classname="testngframework.GroupingInTestNGExample" name="suzukiCar" time="0.014"/>
  <testcase classname="testngframework.GroupingInTestNGExample" name="audiCar" time="0.008"/>
  <testcase classname="testngframework.GroupingInTestNGExample" name="hyundaiBike" time="0.0">
    <ignored/>
  </testcase> <!-- hyundaiBike -->
  <testcase classname="testngframework.GroupingInTestNGExample" name="tvsBike" time="0.0">
    <ignored/>
  </testcase> <!-- tvsBike -->
</testsuite> <!-- GroupTest -->
